<?xml version="1.0" encoding="UTF-8"?>
<testng-results ignored="0" total="2" passed="2" failed="0" skipped="0">
  <reporter-output>
  </reporter-output>
  <suite started-at="2025-06-06T17:50:49 GMT+06:00" name="Suite" finished-at="2025-06-06T17:51:09 GMT+06:00" duration-ms="20053">
    <groups>
    </groups>
    <test started-at="2025-06-06T17:50:49 GMT+06:00" name="Test" finished-at="2025-06-06T17:51:09 GMT+06:00" duration-ms="20053">
      <class name="sandalia.apps.AppTest">
        <test-method is-config="true" signature="setup()[pri:0, instance:sandalia.apps.AppTest@5386659f]" started-at="2025-06-06T17:50:38 GMT+06:00" name="setup" finished-at="2025-06-06T17:50:49 GMT+06:00" duration-ms="10539" status="PASS">
          <reporter-output>
          </reporter-output>
        </test-method> <!-- setup -->
        <test-method is-config="true" signature="emptyProgressInfos()[pri:0, instance:sandalia.apps.AppTest@5386659f]" started-at="2025-06-06T17:50:49 GMT+06:00" name="emptyProgressInfos" finished-at="2025-06-06T17:50:49 GMT+06:00" duration-ms="0" status="PASS">
          <reporter-output>
          </reporter-output>
        </test-method> <!-- emptyProgressInfos -->
        <test-method is-config="true" signature="methodSetup(java.lang.reflect.Method)[pri:0, instance:sandalia.apps.AppTest@5386659f]" started-at="2025-06-06T17:50:49 GMT+06:00" name="methodSetup" finished-at="2025-06-06T17:50:49 GMT+06:00" duration-ms="2" status="PASS">
          <params>
            <param index="0">
              <value>
                <![CDATA[public void sandalia.apps.AppTest.listActiveIntegrations()]]>
              </value>
            </param>
          </params>
          <reporter-output>
          </reporter-output>
        </test-method> <!-- methodSetup -->
        <test-method signature="listActiveIntegrations()[pri:0, instance:sandalia.apps.AppTest@5386659f]" started-at="2025-06-06T17:50:49 GMT+06:00" name="listActiveIntegrations" finished-at="2025-06-06T17:51:04 GMT+06:00" duration-ms="15662" status="PASS">
          <reporter-output>
          </reporter-output>
        </test-method> <!-- listActiveIntegrations -->
        <test-method is-config="true" signature="emptyProgressInfos()[pri:0, instance:sandalia.apps.AppTest@5386659f]" started-at="2025-06-06T17:51:04 GMT+06:00" name="emptyProgressInfos" finished-at="2025-06-06T17:51:04 GMT+06:00" duration-ms="1" status="PASS">
          <reporter-output>
          </reporter-output>
        </test-method> <!-- emptyProgressInfos -->
        <test-method is-config="true" signature="methodSetup(java.lang.reflect.Method)[pri:0, instance:sandalia.apps.AppTest@5386659f]" started-at="2025-06-06T17:51:04 GMT+06:00" name="methodSetup" finished-at="2025-06-06T17:51:04 GMT+06:00" duration-ms="1" status="PASS">
          <params>
            <param index="0">
              <value>
                <![CDATA[public void sandalia.apps.AppTest.listAllIntegrations()]]>
              </value>
            </param>
          </params>
          <reporter-output>
          </reporter-output>
        </test-method> <!-- methodSetup -->
        <test-method signature="listAllIntegrations()[pri:0, instance:sandalia.apps.AppTest@5386659f]" started-at="2025-06-06T17:51:04 GMT+06:00" name="listAllIntegrations" finished-at="2025-06-06T17:51:09 GMT+06:00" duration-ms="4336" status="PASS">
          <reporter-output>
          </reporter-output>
        </test-method> <!-- listAllIntegrations -->
        <test-method is-config="true" signature="tearDown()[pri:0, instance:sandalia.apps.AppTest@5386659f]" started-at="2025-06-06T17:51:09 GMT+06:00" name="tearDown" finished-at="2025-06-06T17:51:10 GMT+06:00" duration-ms="479" status="PASS">
          <reporter-output>
          </reporter-output>
        </test-method> <!-- tearDown -->
      </class> <!-- sandalia.apps.AppTest -->
    </test> <!-- Test -->
  </suite> <!-- Suite -->
</testng-results>
